[2020-06-20T00:32:50,187][INFO ][o.e.n.Node               ] [user_cv_node] initializing ...
[2020-06-20T00:32:50,347][INFO ][o.e.e.NodeEnvironment    ] [user_cv_node] using [1] data paths, mounts [[Acer (C:)]], net usable_space [59.1gb], net total_space [465.1gb], types [NTFS]
[2020-06-20T00:32:50,347][INFO ][o.e.e.NodeEnvironment    ] [user_cv_node] heap size [989.8mb], compressed ordinary object pointers [true]
[2020-06-20T00:32:50,459][INFO ][o.e.n.Node               ] [user_cv_node] node name [user_cv_node], node ID [_NKr5-i1Qse_Aibt_dZBzw]
[2020-06-20T00:32:50,459][INFO ][o.e.n.Node               ] [user_cv_node] version[6.2.2], pid[12284], build[10b1edd/2018-02-16T19:01:30.685723Z], OS[Windows 10/10.0/amd64], JVM[Oracle Corporation/Java HotSpot(TM) 64-Bit Server VM/1.8.0_151/25.151-b12]
[2020-06-20T00:32:50,460][INFO ][o.e.n.Node               ] [user_cv_node] JVM arguments [-Xms1g, -Xmx1g, -XX:+UseConcMarkSweepGC, -XX:CMSInitiatingOccupancyFraction=75, -XX:+UseCMSInitiatingOccupancyOnly, -XX:+AlwaysPreTouch, -Xss1m, -Djava.awt.headless=true, -Dfile.encoding=UTF-8, -Djna.nosys=true, -XX:-OmitStackTraceInFastThrow, -Dio.netty.noUnsafe=true, -Dio.netty.noKeySetOptimization=true, -Dio.netty.recycler.maxCapacityPerThread=0, -Dlog4j.shutdownHookEnabled=false, -Dlog4j2.disable.jmx=true, -Djava.io.tmpdir=C:\Users\bahma\AppData\Local\Temp\elasticsearch, -XX:+HeapDumpOnOutOfMemoryError, -XX:+PrintGCDetails, -XX:+PrintGCDateStamps, -XX:+PrintTenuringDistribution, -XX:+PrintGCApplicationStoppedTime, -Xloggc:logs/gc.log, -XX:+UseGCLogFileRotation, -XX:NumberOfGCLogFiles=32, -XX:GCLogFileSize=64m, -Delasticsearch, -Des.path.home=C:\Users\bahma\eclipse-workspace\project\elasticsearch, -Des.path.conf=C:\Users\bahma\eclipse-workspace\project\elasticsearch\config]
[2020-06-20T00:32:51,716][INFO ][o.e.p.PluginsService     ] [user_cv_node] loaded module [aggs-matrix-stats]
[2020-06-20T00:32:51,717][INFO ][o.e.p.PluginsService     ] [user_cv_node] loaded module [analysis-common]
[2020-06-20T00:32:51,717][INFO ][o.e.p.PluginsService     ] [user_cv_node] loaded module [ingest-common]
[2020-06-20T00:32:51,717][INFO ][o.e.p.PluginsService     ] [user_cv_node] loaded module [lang-expression]
[2020-06-20T00:32:51,717][INFO ][o.e.p.PluginsService     ] [user_cv_node] loaded module [lang-mustache]
[2020-06-20T00:32:51,718][INFO ][o.e.p.PluginsService     ] [user_cv_node] loaded module [lang-painless]
[2020-06-20T00:32:51,718][INFO ][o.e.p.PluginsService     ] [user_cv_node] loaded module [mapper-extras]
[2020-06-20T00:32:51,718][INFO ][o.e.p.PluginsService     ] [user_cv_node] loaded module [parent-join]
[2020-06-20T00:32:51,718][INFO ][o.e.p.PluginsService     ] [user_cv_node] loaded module [percolator]
[2020-06-20T00:32:51,718][INFO ][o.e.p.PluginsService     ] [user_cv_node] loaded module [rank-eval]
[2020-06-20T00:32:51,719][INFO ][o.e.p.PluginsService     ] [user_cv_node] loaded module [reindex]
[2020-06-20T00:32:51,719][INFO ][o.e.p.PluginsService     ] [user_cv_node] loaded module [repository-url]
[2020-06-20T00:32:51,720][INFO ][o.e.p.PluginsService     ] [user_cv_node] loaded module [transport-netty4]
[2020-06-20T00:32:51,720][INFO ][o.e.p.PluginsService     ] [user_cv_node] loaded module [tribe]
[2020-06-20T00:32:51,720][INFO ][o.e.p.PluginsService     ] [user_cv_node] no plugins loaded
[2020-06-20T00:32:55,510][INFO ][o.e.d.DiscoveryModule    ] [user_cv_node] using discovery type [zen]
[2020-06-20T00:32:56,386][INFO ][o.e.n.Node               ] [user_cv_node] initialized
[2020-06-20T00:32:56,387][INFO ][o.e.n.Node               ] [user_cv_node] starting ...
[2020-06-20T00:32:58,044][INFO ][o.e.t.TransportService   ] [user_cv_node] publish_address {127.0.0.1:9300}, bound_addresses {127.0.0.1:9300}, {[::1]:9300}
[2020-06-20T00:33:01,091][INFO ][o.e.c.s.MasterService    ] [user_cv_node] zen-disco-elected-as-master ([0] nodes joined), reason: new_master {user_cv_node}{_NKr5-i1Qse_Aibt_dZBzw}{qEZixcpWRfeI1K_0NmgAuw}{127.0.0.1}{127.0.0.1:9300}
[2020-06-20T00:33:01,095][INFO ][o.e.c.s.ClusterApplierService] [user_cv_node] new_master {user_cv_node}{_NKr5-i1Qse_Aibt_dZBzw}{qEZixcpWRfeI1K_0NmgAuw}{127.0.0.1}{127.0.0.1:9300}, reason: apply cluster state (from master [master {user_cv_node}{_NKr5-i1Qse_Aibt_dZBzw}{qEZixcpWRfeI1K_0NmgAuw}{127.0.0.1}{127.0.0.1:9300} committed version [1] source [zen-disco-elected-as-master ([0] nodes joined)]])
[2020-06-20T00:33:01,321][INFO ][o.e.g.GatewayService     ] [user_cv_node] recovered [2] indices into cluster_state
[2020-06-20T00:33:02,168][INFO ][o.e.h.n.Netty4HttpServerTransport] [user_cv_node] publish_address {127.0.0.1:9200}, bound_addresses {127.0.0.1:9200}, {[::1]:9200}
[2020-06-20T00:33:02,168][INFO ][o.e.n.Node               ] [user_cv_node] started
[2020-06-20T00:33:07,264][INFO ][o.e.c.r.a.AllocationService] [user_cv_node] Cluster health status changed from [RED] to [YELLOW] (reason: [shards started [[project][1]] ...]).
[2020-06-20T00:33:31,203][INFO ][o.e.c.r.a.DiskThresholdMonitor] [user_cv_node] low disk watermark [85%] exceeded on [_NKr5-i1Qse_Aibt_dZBzw][user_cv_node][C:\Users\bahma\eclipse-workspace\project\elasticsearch\data\nodes\0] free: 59.1gb[12.7%], replicas will not be assigned to this node
[2020-06-20T00:34:01,249][INFO ][o.e.c.r.a.DiskThresholdMonitor] [user_cv_node] low disk watermark [85%] exceeded on [_NKr5-i1Qse_Aibt_dZBzw][user_cv_node][C:\Users\bahma\eclipse-workspace\project\elasticsearch\data\nodes\0] free: 59.1gb[12.7%], replicas will not be assigned to this node
[2020-06-20T00:34:31,291][INFO ][o.e.c.r.a.DiskThresholdMonitor] [user_cv_node] low disk watermark [85%] exceeded on [_NKr5-i1Qse_Aibt_dZBzw][user_cv_node][C:\Users\bahma\eclipse-workspace\project\elasticsearch\data\nodes\0] free: 59.1gb[12.7%], replicas will not be assigned to this node
[2020-06-20T00:35:01,337][INFO ][o.e.c.r.a.DiskThresholdMonitor] [user_cv_node] low disk watermark [85%] exceeded on [_NKr5-i1Qse_Aibt_dZBzw][user_cv_node][C:\Users\bahma\eclipse-workspace\project\elasticsearch\data\nodes\0] free: 59.1gb[12.7%], replicas will not be assigned to this node
[2020-06-20T00:35:31,389][INFO ][o.e.c.r.a.DiskThresholdMonitor] [user_cv_node] low disk watermark [85%] exceeded on [_NKr5-i1Qse_Aibt_dZBzw][user_cv_node][C:\Users\bahma\eclipse-workspace\project\elasticsearch\data\nodes\0] free: 59.1gb[12.7%], replicas will not be assigned to this node
[2020-06-20T00:36:01,443][INFO ][o.e.c.r.a.DiskThresholdMonitor] [user_cv_node] low disk watermark [85%] exceeded on [_NKr5-i1Qse_Aibt_dZBzw][user_cv_node][C:\Users\bahma\eclipse-workspace\project\elasticsearch\data\nodes\0] free: 59.1gb[12.7%], replicas will not be assigned to this node
[2020-06-20T00:36:31,489][INFO ][o.e.c.r.a.DiskThresholdMonitor] [user_cv_node] low disk watermark [85%] exceeded on [_NKr5-i1Qse_Aibt_dZBzw][user_cv_node][C:\Users\bahma\eclipse-workspace\project\elasticsearch\data\nodes\0] free: 59.1gb[12.7%], replicas will not be assigned to this node
[2020-06-20T00:37:01,531][INFO ][o.e.c.r.a.DiskThresholdMonitor] [user_cv_node] low disk watermark [85%] exceeded on [_NKr5-i1Qse_Aibt_dZBzw][user_cv_node][C:\Users\bahma\eclipse-workspace\project\elasticsearch\data\nodes\0] free: 59.1gb[12.7%], replicas will not be assigned to this node
[2020-06-20T00:37:31,586][INFO ][o.e.c.r.a.DiskThresholdMonitor] [user_cv_node] low disk watermark [85%] exceeded on [_NKr5-i1Qse_Aibt_dZBzw][user_cv_node][C:\Users\bahma\eclipse-workspace\project\elasticsearch\data\nodes\0] free: 59.1gb[12.7%], replicas will not be assigned to this node
[2020-06-20T00:38:01,631][INFO ][o.e.c.r.a.DiskThresholdMonitor] [user_cv_node] low disk watermark [85%] exceeded on [_NKr5-i1Qse_Aibt_dZBzw][user_cv_node][C:\Users\bahma\eclipse-workspace\project\elasticsearch\data\nodes\0] free: 57.6gb[12.3%], replicas will not be assigned to this node
[2020-06-20T00:38:31,653][INFO ][o.e.c.r.a.DiskThresholdMonitor] [user_cv_node] low disk watermark [85%] exceeded on [_NKr5-i1Qse_Aibt_dZBzw][user_cv_node][C:\Users\bahma\eclipse-workspace\project\elasticsearch\data\nodes\0] free: 59.1gb[12.7%], replicas will not be assigned to this node
[2020-06-20T00:39:01,698][INFO ][o.e.c.r.a.DiskThresholdMonitor] [user_cv_node] low disk watermark [85%] exceeded on [_NKr5-i1Qse_Aibt_dZBzw][user_cv_node][C:\Users\bahma\eclipse-workspace\project\elasticsearch\data\nodes\0] free: 59.1gb[12.7%], replicas will not be assigned to this node
[2020-06-20T00:39:31,742][INFO ][o.e.c.r.a.DiskThresholdMonitor] [user_cv_node] low disk watermark [85%] exceeded on [_NKr5-i1Qse_Aibt_dZBzw][user_cv_node][C:\Users\bahma\eclipse-workspace\project\elasticsearch\data\nodes\0] free: 59.1gb[12.7%], replicas will not be assigned to this node
[2020-06-20T00:40:01,786][INFO ][o.e.c.r.a.DiskThresholdMonitor] [user_cv_node] low disk watermark [85%] exceeded on [_NKr5-i1Qse_Aibt_dZBzw][user_cv_node][C:\Users\bahma\eclipse-workspace\project\elasticsearch\data\nodes\0] free: 59.1gb[12.7%], replicas will not be assigned to this node
[2020-06-20T00:40:31,829][INFO ][o.e.c.r.a.DiskThresholdMonitor] [user_cv_node] low disk watermark [85%] exceeded on [_NKr5-i1Qse_Aibt_dZBzw][user_cv_node][C:\Users\bahma\eclipse-workspace\project\elasticsearch\data\nodes\0] free: 57.6gb[12.3%], replicas will not be assigned to this node
[2020-06-20T00:41:01,872][INFO ][o.e.c.r.a.DiskThresholdMonitor] [user_cv_node] low disk watermark [85%] exceeded on [_NKr5-i1Qse_Aibt_dZBzw][user_cv_node][C:\Users\bahma\eclipse-workspace\project\elasticsearch\data\nodes\0] free: 57.6gb[12.3%], replicas will not be assigned to this node
[2020-06-20T00:41:31,919][INFO ][o.e.c.r.a.DiskThresholdMonitor] [user_cv_node] low disk watermark [85%] exceeded on [_NKr5-i1Qse_Aibt_dZBzw][user_cv_node][C:\Users\bahma\eclipse-workspace\project\elasticsearch\data\nodes\0] free: 57.6gb[12.3%], replicas will not be assigned to this node
[2020-06-20T00:42:01,960][INFO ][o.e.c.r.a.DiskThresholdMonitor] [user_cv_node] low disk watermark [85%] exceeded on [_NKr5-i1Qse_Aibt_dZBzw][user_cv_node][C:\Users\bahma\eclipse-workspace\project\elasticsearch\data\nodes\0] free: 57.6gb[12.3%], replicas will not be assigned to this node
[2020-06-20T00:42:32,010][INFO ][o.e.c.r.a.DiskThresholdMonitor] [user_cv_node] low disk watermark [85%] exceeded on [_NKr5-i1Qse_Aibt_dZBzw][user_cv_node][C:\Users\bahma\eclipse-workspace\project\elasticsearch\data\nodes\0] free: 59.1gb[12.7%], replicas will not be assigned to this node
[2020-06-20T00:43:02,073][INFO ][o.e.c.r.a.DiskThresholdMonitor] [user_cv_node] low disk watermark [85%] exceeded on [_NKr5-i1Qse_Aibt_dZBzw][user_cv_node][C:\Users\bahma\eclipse-workspace\project\elasticsearch\data\nodes\0] free: 59.1gb[12.7%], replicas will not be assigned to this node
[2020-06-20T00:43:32,121][INFO ][o.e.c.r.a.DiskThresholdMonitor] [user_cv_node] low disk watermark [85%] exceeded on [_NKr5-i1Qse_Aibt_dZBzw][user_cv_node][C:\Users\bahma\eclipse-workspace\project\elasticsearch\data\nodes\0] free: 59.1gb[12.7%], replicas will not be assigned to this node
[2020-06-20T00:44:02,164][INFO ][o.e.c.r.a.DiskThresholdMonitor] [user_cv_node] low disk watermark [85%] exceeded on [_NKr5-i1Qse_Aibt_dZBzw][user_cv_node][C:\Users\bahma\eclipse-workspace\project\elasticsearch\data\nodes\0] free: 59.1gb[12.7%], replicas will not be assigned to this node
[2020-06-20T00:44:32,208][INFO ][o.e.c.r.a.DiskThresholdMonitor] [user_cv_node] low disk watermark [85%] exceeded on [_NKr5-i1Qse_Aibt_dZBzw][user_cv_node][C:\Users\bahma\eclipse-workspace\project\elasticsearch\data\nodes\0] free: 59.1gb[12.7%], replicas will not be assigned to this node
[2020-06-20T00:45:02,253][INFO ][o.e.c.r.a.DiskThresholdMonitor] [user_cv_node] low disk watermark [85%] exceeded on [_NKr5-i1Qse_Aibt_dZBzw][user_cv_node][C:\Users\bahma\eclipse-workspace\project\elasticsearch\data\nodes\0] free: 59.1gb[12.7%], replicas will not be assigned to this node
[2020-06-20T00:45:32,298][INFO ][o.e.c.r.a.DiskThresholdMonitor] [user_cv_node] low disk watermark [85%] exceeded on [_NKr5-i1Qse_Aibt_dZBzw][user_cv_node][C:\Users\bahma\eclipse-workspace\project\elasticsearch\data\nodes\0] free: 59.1gb[12.7%], replicas will not be assigned to this node
[2020-06-20T00:46:02,339][INFO ][o.e.c.r.a.DiskThresholdMonitor] [user_cv_node] low disk watermark [85%] exceeded on [_NKr5-i1Qse_Aibt_dZBzw][user_cv_node][C:\Users\bahma\eclipse-workspace\project\elasticsearch\data\nodes\0] free: 59.1gb[12.7%], replicas will not be assigned to this node
[2020-06-20T00:46:32,395][INFO ][o.e.c.r.a.DiskThresholdMonitor] [user_cv_node] low disk watermark [85%] exceeded on [_NKr5-i1Qse_Aibt_dZBzw][user_cv_node][C:\Users\bahma\eclipse-workspace\project\elasticsearch\data\nodes\0] free: 59.1gb[12.7%], replicas will not be assigned to this node
[2020-06-20T00:47:02,439][INFO ][o.e.c.r.a.DiskThresholdMonitor] [user_cv_node] low disk watermark [85%] exceeded on [_NKr5-i1Qse_Aibt_dZBzw][user_cv_node][C:\Users\bahma\eclipse-workspace\project\elasticsearch\data\nodes\0] free: 59.1gb[12.7%], replicas will not be assigned to this node
[2020-06-20T00:47:32,499][INFO ][o.e.c.r.a.DiskThresholdMonitor] [user_cv_node] low disk watermark [85%] exceeded on [_NKr5-i1Qse_Aibt_dZBzw][user_cv_node][C:\Users\bahma\eclipse-workspace\project\elasticsearch\data\nodes\0] free: 59.1gb[12.7%], replicas will not be assigned to this node
[2020-06-20T00:48:02,542][INFO ][o.e.c.r.a.DiskThresholdMonitor] [user_cv_node] low disk watermark [85%] exceeded on [_NKr5-i1Qse_Aibt_dZBzw][user_cv_node][C:\Users\bahma\eclipse-workspace\project\elasticsearch\data\nodes\0] free: 59.1gb[12.7%], replicas will not be assigned to this node
[2020-06-20T00:48:32,591][INFO ][o.e.c.r.a.DiskThresholdMonitor] [user_cv_node] low disk watermark [85%] exceeded on [_NKr5-i1Qse_Aibt_dZBzw][user_cv_node][C:\Users\bahma\eclipse-workspace\project\elasticsearch\data\nodes\0] free: 59.1gb[12.7%], replicas will not be assigned to this node
[2020-06-20T00:49:02,640][INFO ][o.e.c.r.a.DiskThresholdMonitor] [user_cv_node] low disk watermark [85%] exceeded on [_NKr5-i1Qse_Aibt_dZBzw][user_cv_node][C:\Users\bahma\eclipse-workspace\project\elasticsearch\data\nodes\0] free: 59.1gb[12.7%], replicas will not be assigned to this node
[2020-06-20T00:49:32,681][INFO ][o.e.c.r.a.DiskThresholdMonitor] [user_cv_node] low disk watermark [85%] exceeded on [_NKr5-i1Qse_Aibt_dZBzw][user_cv_node][C:\Users\bahma\eclipse-workspace\project\elasticsearch\data\nodes\0] free: 59.1gb[12.7%], replicas will not be assigned to this node
[2020-06-20T00:50:02,725][INFO ][o.e.c.r.a.DiskThresholdMonitor] [user_cv_node] low disk watermark [85%] exceeded on [_NKr5-i1Qse_Aibt_dZBzw][user_cv_node][C:\Users\bahma\eclipse-workspace\project\elasticsearch\data\nodes\0] free: 59.1gb[12.7%], replicas will not be assigned to this node
[2020-06-20T00:50:32,769][INFO ][o.e.c.r.a.DiskThresholdMonitor] [user_cv_node] low disk watermark [85%] exceeded on [_NKr5-i1Qse_Aibt_dZBzw][user_cv_node][C:\Users\bahma\eclipse-workspace\project\elasticsearch\data\nodes\0] free: 59.1gb[12.7%], replicas will not be assigned to this node
[2020-06-20T00:51:02,812][INFO ][o.e.c.r.a.DiskThresholdMonitor] [user_cv_node] low disk watermark [85%] exceeded on [_NKr5-i1Qse_Aibt_dZBzw][user_cv_node][C:\Users\bahma\eclipse-workspace\project\elasticsearch\data\nodes\0] free: 59.1gb[12.7%], replicas will not be assigned to this node
[2020-06-20T00:51:32,856][INFO ][o.e.c.r.a.DiskThresholdMonitor] [user_cv_node] low disk watermark [85%] exceeded on [_NKr5-i1Qse_Aibt_dZBzw][user_cv_node][C:\Users\bahma\eclipse-workspace\project\elasticsearch\data\nodes\0] free: 59.1gb[12.7%], replicas will not be assigned to this node
[2020-06-20T00:52:02,900][INFO ][o.e.c.r.a.DiskThresholdMonitor] [user_cv_node] low disk watermark [85%] exceeded on [_NKr5-i1Qse_Aibt_dZBzw][user_cv_node][C:\Users\bahma\eclipse-workspace\project\elasticsearch\data\nodes\0] free: 59.1gb[12.7%], replicas will not be assigned to this node
[2020-06-20T00:52:32,950][INFO ][o.e.c.r.a.DiskThresholdMonitor] [user_cv_node] low disk watermark [85%] exceeded on [_NKr5-i1Qse_Aibt_dZBzw][user_cv_node][C:\Users\bahma\eclipse-workspace\project\elasticsearch\data\nodes\0] free: 59.1gb[12.7%], replicas will not be assigned to this node
[2020-06-20T00:53:02,992][INFO ][o.e.c.r.a.DiskThresholdMonitor] [user_cv_node] low disk watermark [85%] exceeded on [_NKr5-i1Qse_Aibt_dZBzw][user_cv_node][C:\Users\bahma\eclipse-workspace\project\elasticsearch\data\nodes\0] free: 59.1gb[12.7%], replicas will not be assigned to this node
[2020-06-20T00:53:33,038][INFO ][o.e.c.r.a.DiskThresholdMonitor] [user_cv_node] low disk watermark [85%] exceeded on [_NKr5-i1Qse_Aibt_dZBzw][user_cv_node][C:\Users\bahma\eclipse-workspace\project\elasticsearch\data\nodes\0] free: 59.1gb[12.7%], replicas will not be assigned to this node
[2020-06-20T00:54:03,083][INFO ][o.e.c.r.a.DiskThresholdMonitor] [user_cv_node] low disk watermark [85%] exceeded on [_NKr5-i1Qse_Aibt_dZBzw][user_cv_node][C:\Users\bahma\eclipse-workspace\project\elasticsearch\data\nodes\0] free: 59.1gb[12.7%], replicas will not be assigned to this node
[2020-06-20T00:54:33,128][INFO ][o.e.c.r.a.DiskThresholdMonitor] [user_cv_node] low disk watermark [85%] exceeded on [_NKr5-i1Qse_Aibt_dZBzw][user_cv_node][C:\Users\bahma\eclipse-workspace\project\elasticsearch\data\nodes\0] free: 59.1gb[12.7%], replicas will not be assigned to this node
[2020-06-20T00:55:03,172][INFO ][o.e.c.r.a.DiskThresholdMonitor] [user_cv_node] low disk watermark [85%] exceeded on [_NKr5-i1Qse_Aibt_dZBzw][user_cv_node][C:\Users\bahma\eclipse-workspace\project\elasticsearch\data\nodes\0] free: 59.1gb[12.7%], replicas will not be assigned to this node
[2020-06-20T00:55:33,219][INFO ][o.e.c.r.a.DiskThresholdMonitor] [user_cv_node] low disk watermark [85%] exceeded on [_NKr5-i1Qse_Aibt_dZBzw][user_cv_node][C:\Users\bahma\eclipse-workspace\project\elasticsearch\data\nodes\0] free: 59.1gb[12.7%], replicas will not be assigned to this node
[2020-06-20T00:56:03,264][INFO ][o.e.c.r.a.DiskThresholdMonitor] [user_cv_node] low disk watermark [85%] exceeded on [_NKr5-i1Qse_Aibt_dZBzw][user_cv_node][C:\Users\bahma\eclipse-workspace\project\elasticsearch\data\nodes\0] free: 59.1gb[12.7%], replicas will not be assigned to this node
[2020-06-20T00:56:33,308][INFO ][o.e.c.r.a.DiskThresholdMonitor] [user_cv_node] low disk watermark [85%] exceeded on [_NKr5-i1Qse_Aibt_dZBzw][user_cv_node][C:\Users\bahma\eclipse-workspace\project\elasticsearch\data\nodes\0] free: 59.1gb[12.7%], replicas will not be assigned to this node
[2020-06-20T00:57:03,350][INFO ][o.e.c.r.a.DiskThresholdMonitor] [user_cv_node] low disk watermark [85%] exceeded on [_NKr5-i1Qse_Aibt_dZBzw][user_cv_node][C:\Users\bahma\eclipse-workspace\project\elasticsearch\data\nodes\0] free: 59.1gb[12.7%], replicas will not be assigned to this node
[2020-06-20T00:57:33,394][INFO ][o.e.c.r.a.DiskThresholdMonitor] [user_cv_node] low disk watermark [85%] exceeded on [_NKr5-i1Qse_Aibt_dZBzw][user_cv_node][C:\Users\bahma\eclipse-workspace\project\elasticsearch\data\nodes\0] free: 55.5gb[11.9%], replicas will not be assigned to this node
[2020-06-20T00:58:03,448][INFO ][o.e.c.r.a.DiskThresholdMonitor] [user_cv_node] low disk watermark [85%] exceeded on [_NKr5-i1Qse_Aibt_dZBzw][user_cv_node][C:\Users\bahma\eclipse-workspace\project\elasticsearch\data\nodes\0] free: 56.2gb[12%], replicas will not be assigned to this node
[2020-06-20T00:58:33,497][INFO ][o.e.c.r.a.DiskThresholdMonitor] [user_cv_node] low disk watermark [85%] exceeded on [_NKr5-i1Qse_Aibt_dZBzw][user_cv_node][C:\Users\bahma\eclipse-workspace\project\elasticsearch\data\nodes\0] free: 56.2gb[12%], replicas will not be assigned to this node
[2020-06-20T00:59:03,539][INFO ][o.e.c.r.a.DiskThresholdMonitor] [user_cv_node] low disk watermark [85%] exceeded on [_NKr5-i1Qse_Aibt_dZBzw][user_cv_node][C:\Users\bahma\eclipse-workspace\project\elasticsearch\data\nodes\0] free: 59.1gb[12.7%], replicas will not be assigned to this node
[2020-06-20T00:59:33,585][INFO ][o.e.c.r.a.DiskThresholdMonitor] [user_cv_node] low disk watermark [85%] exceeded on [_NKr5-i1Qse_Aibt_dZBzw][user_cv_node][C:\Users\bahma\eclipse-workspace\project\elasticsearch\data\nodes\0] free: 59.1gb[12.7%], replicas will not be assigned to this node
[2020-06-20T01:00:03,627][INFO ][o.e.c.r.a.DiskThresholdMonitor] [user_cv_node] low disk watermark [85%] exceeded on [_NKr5-i1Qse_Aibt_dZBzw][user_cv_node][C:\Users\bahma\eclipse-workspace\project\elasticsearch\data\nodes\0] free: 59.1gb[12.7%], replicas will not be assigned to this node
[2020-06-20T01:00:33,671][INFO ][o.e.c.r.a.DiskThresholdMonitor] [user_cv_node] low disk watermark [85%] exceeded on [_NKr5-i1Qse_Aibt_dZBzw][user_cv_node][C:\Users\bahma\eclipse-workspace\project\elasticsearch\data\nodes\0] free: 59.1gb[12.7%], replicas will not be assigned to this node
[2020-06-20T01:01:03,728][INFO ][o.e.c.r.a.DiskThresholdMonitor] [user_cv_node] low disk watermark [85%] exceeded on [_NKr5-i1Qse_Aibt_dZBzw][user_cv_node][C:\Users\bahma\eclipse-workspace\project\elasticsearch\data\nodes\0] free: 59.1gb[12.7%], replicas will not be assigned to this node
[2020-06-20T01:01:33,771][INFO ][o.e.c.r.a.DiskThresholdMonitor] [user_cv_node] low disk watermark [85%] exceeded on [_NKr5-i1Qse_Aibt_dZBzw][user_cv_node][C:\Users\bahma\eclipse-workspace\project\elasticsearch\data\nodes\0] free: 59.1gb[12.7%], replicas will not be assigned to this node
[2020-06-20T01:02:03,817][INFO ][o.e.c.r.a.DiskThresholdMonitor] [user_cv_node] low disk watermark [85%] exceeded on [_NKr5-i1Qse_Aibt_dZBzw][user_cv_node][C:\Users\bahma\eclipse-workspace\project\elasticsearch\data\nodes\0] free: 59.1gb[12.7%], replicas will not be assigned to this node
[2020-06-20T01:02:33,862][INFO ][o.e.c.r.a.DiskThresholdMonitor] [user_cv_node] low disk watermark [85%] exceeded on [_NKr5-i1Qse_Aibt_dZBzw][user_cv_node][C:\Users\bahma\eclipse-workspace\project\elasticsearch\data\nodes\0] free: 59.1gb[12.7%], replicas will not be assigned to this node
[2020-06-20T01:03:03,905][INFO ][o.e.c.r.a.DiskThresholdMonitor] [user_cv_node] low disk watermark [85%] exceeded on [_NKr5-i1Qse_Aibt_dZBzw][user_cv_node][C:\Users\bahma\eclipse-workspace\project\elasticsearch\data\nodes\0] free: 59.1gb[12.7%], replicas will not be assigned to this node
[2020-06-20T01:03:33,947][INFO ][o.e.c.r.a.DiskThresholdMonitor] [user_cv_node] low disk watermark [85%] exceeded on [_NKr5-i1Qse_Aibt_dZBzw][user_cv_node][C:\Users\bahma\eclipse-workspace\project\elasticsearch\data\nodes\0] free: 59.1gb[12.7%], replicas will not be assigned to this node
[2020-06-20T01:04:03,991][INFO ][o.e.c.r.a.DiskThresholdMonitor] [user_cv_node] low disk watermark [85%] exceeded on [_NKr5-i1Qse_Aibt_dZBzw][user_cv_node][C:\Users\bahma\eclipse-workspace\project\elasticsearch\data\nodes\0] free: 56.5gb[12.1%], replicas will not be assigned to this node
[2020-06-20T01:04:34,034][INFO ][o.e.c.r.a.DiskThresholdMonitor] [user_cv_node] low disk watermark [85%] exceeded on [_NKr5-i1Qse_Aibt_dZBzw][user_cv_node][C:\Users\bahma\eclipse-workspace\project\elasticsearch\data\nodes\0] free: 56.5gb[12.1%], replicas will not be assigned to this node
[2020-06-20T01:05:04,086][INFO ][o.e.c.r.a.DiskThresholdMonitor] [user_cv_node] low disk watermark [85%] exceeded on [_NKr5-i1Qse_Aibt_dZBzw][user_cv_node][C:\Users\bahma\eclipse-workspace\project\elasticsearch\data\nodes\0] free: 59.1gb[12.7%], replicas will not be assigned to this node
[2020-06-20T01:05:34,130][INFO ][o.e.c.r.a.DiskThresholdMonitor] [user_cv_node] low disk watermark [85%] exceeded on [_NKr5-i1Qse_Aibt_dZBzw][user_cv_node][C:\Users\bahma\eclipse-workspace\project\elasticsearch\data\nodes\0] free: 59.1gb[12.7%], replicas will not be assigned to this node
[2020-06-20T01:06:04,183][INFO ][o.e.c.r.a.DiskThresholdMonitor] [user_cv_node] low disk watermark [85%] exceeded on [_NKr5-i1Qse_Aibt_dZBzw][user_cv_node][C:\Users\bahma\eclipse-workspace\project\elasticsearch\data\nodes\0] free: 59.1gb[12.7%], replicas will not be assigned to this node
[2020-06-20T01:06:34,226][INFO ][o.e.c.r.a.DiskThresholdMonitor] [user_cv_node] low disk watermark [85%] exceeded on [_NKr5-i1Qse_Aibt_dZBzw][user_cv_node][C:\Users\bahma\eclipse-workspace\project\elasticsearch\data\nodes\0] free: 59.1gb[12.7%], replicas will not be assigned to this node
[2020-06-20T01:07:04,278][INFO ][o.e.c.r.a.DiskThresholdMonitor] [user_cv_node] low disk watermark [85%] exceeded on [_NKr5-i1Qse_Aibt_dZBzw][user_cv_node][C:\Users\bahma\eclipse-workspace\project\elasticsearch\data\nodes\0] free: 59.1gb[12.7%], replicas will not be assigned to this node
[2020-06-20T01:07:34,321][INFO ][o.e.c.r.a.DiskThresholdMonitor] [user_cv_node] low disk watermark [85%] exceeded on [_NKr5-i1Qse_Aibt_dZBzw][user_cv_node][C:\Users\bahma\eclipse-workspace\project\elasticsearch\data\nodes\0] free: 59.1gb[12.7%], replicas will not be assigned to this node
[2020-06-20T01:08:04,374][INFO ][o.e.c.r.a.DiskThresholdMonitor] [user_cv_node] low disk watermark [85%] exceeded on [_NKr5-i1Qse_Aibt_dZBzw][user_cv_node][C:\Users\bahma\eclipse-workspace\project\elasticsearch\data\nodes\0] free: 59.1gb[12.7%], replicas will not be assigned to this node
[2020-06-20T01:08:34,417][INFO ][o.e.c.r.a.DiskThresholdMonitor] [user_cv_node] low disk watermark [85%] exceeded on [_NKr5-i1Qse_Aibt_dZBzw][user_cv_node][C:\Users\bahma\eclipse-workspace\project\elasticsearch\data\nodes\0] free: 59.1gb[12.7%], replicas will not be assigned to this node
[2020-06-20T01:09:04,460][INFO ][o.e.c.r.a.DiskThresholdMonitor] [user_cv_node] low disk watermark [85%] exceeded on [_NKr5-i1Qse_Aibt_dZBzw][user_cv_node][C:\Users\bahma\eclipse-workspace\project\elasticsearch\data\nodes\0] free: 59.1gb[12.7%], replicas will not be assigned to this node
[2020-06-20T01:09:34,507][INFO ][o.e.c.r.a.DiskThresholdMonitor] [user_cv_node] low disk watermark [85%] exceeded on [_NKr5-i1Qse_Aibt_dZBzw][user_cv_node][C:\Users\bahma\eclipse-workspace\project\elasticsearch\data\nodes\0] free: 59.1gb[12.7%], replicas will not be assigned to this node
[2020-06-20T01:10:04,557][INFO ][o.e.c.r.a.DiskThresholdMonitor] [user_cv_node] low disk watermark [85%] exceeded on [_NKr5-i1Qse_Aibt_dZBzw][user_cv_node][C:\Users\bahma\eclipse-workspace\project\elasticsearch\data\nodes\0] free: 59.1gb[12.7%], replicas will not be assigned to this node
[2020-06-20T01:10:34,602][INFO ][o.e.c.r.a.DiskThresholdMonitor] [user_cv_node] low disk watermark [85%] exceeded on [_NKr5-i1Qse_Aibt_dZBzw][user_cv_node][C:\Users\bahma\eclipse-workspace\project\elasticsearch\data\nodes\0] free: 59.1gb[12.7%], replicas will not be assigned to this node
[2020-06-20T01:11:04,647][INFO ][o.e.c.r.a.DiskThresholdMonitor] [user_cv_node] low disk watermark [85%] exceeded on [_NKr5-i1Qse_Aibt_dZBzw][user_cv_node][C:\Users\bahma\eclipse-workspace\project\elasticsearch\data\nodes\0] free: 59.1gb[12.7%], replicas will not be assigned to this node
[2020-06-20T01:11:34,691][INFO ][o.e.c.r.a.DiskThresholdMonitor] [user_cv_node] low disk watermark [85%] exceeded on [_NKr5-i1Qse_Aibt_dZBzw][user_cv_node][C:\Users\bahma\eclipse-workspace\project\elasticsearch\data\nodes\0] free: 59.1gb[12.7%], replicas will not be assigned to this node
[2020-06-20T01:12:04,738][INFO ][o.e.c.r.a.DiskThresholdMonitor] [user_cv_node] low disk watermark [85%] exceeded on [_NKr5-i1Qse_Aibt_dZBzw][user_cv_node][C:\Users\bahma\eclipse-workspace\project\elasticsearch\data\nodes\0] free: 59.1gb[12.7%], replicas will not be assigned to this node
[2020-06-20T01:12:34,780][INFO ][o.e.c.r.a.DiskThresholdMonitor] [user_cv_node] low disk watermark [85%] exceeded on [_NKr5-i1Qse_Aibt_dZBzw][user_cv_node][C:\Users\bahma\eclipse-workspace\project\elasticsearch\data\nodes\0] free: 59.1gb[12.7%], replicas will not be assigned to this node
[2020-06-20T01:13:04,822][INFO ][o.e.c.r.a.DiskThresholdMonitor] [user_cv_node] low disk watermark [85%] exceeded on [_NKr5-i1Qse_Aibt_dZBzw][user_cv_node][C:\Users\bahma\eclipse-workspace\project\elasticsearch\data\nodes\0] free: 59.1gb[12.7%], replicas will not be assigned to this node
[2020-06-20T01:13:34,865][INFO ][o.e.c.r.a.DiskThresholdMonitor] [user_cv_node] low disk watermark [85%] exceeded on [_NKr5-i1Qse_Aibt_dZBzw][user_cv_node][C:\Users\bahma\eclipse-workspace\project\elasticsearch\data\nodes\0] free: 59.1gb[12.7%], replicas will not be assigned to this node
[2020-06-20T01:14:04,907][INFO ][o.e.c.r.a.DiskThresholdMonitor] [user_cv_node] low disk watermark [85%] exceeded on [_NKr5-i1Qse_Aibt_dZBzw][user_cv_node][C:\Users\bahma\eclipse-workspace\project\elasticsearch\data\nodes\0] free: 59.1gb[12.7%], replicas will not be assigned to this node
[2020-06-20T01:14:34,952][INFO ][o.e.c.r.a.DiskThresholdMonitor] [user_cv_node] low disk watermark [85%] exceeded on [_NKr5-i1Qse_Aibt_dZBzw][user_cv_node][C:\Users\bahma\eclipse-workspace\project\elasticsearch\data\nodes\0] free: 59.1gb[12.7%], replicas will not be assigned to this node
[2020-06-20T01:15:05,010][INFO ][o.e.c.r.a.DiskThresholdMonitor] [user_cv_node] low disk watermark [85%] exceeded on [_NKr5-i1Qse_Aibt_dZBzw][user_cv_node][C:\Users\bahma\eclipse-workspace\project\elasticsearch\data\nodes\0] free: 59.1gb[12.7%], replicas will not be assigned to this node
[2020-06-20T01:15:35,054][INFO ][o.e.c.r.a.DiskThresholdMonitor] [user_cv_node] low disk watermark [85%] exceeded on [_NKr5-i1Qse_Aibt_dZBzw][user_cv_node][C:\Users\bahma\eclipse-workspace\project\elasticsearch\data\nodes\0] free: 59.1gb[12.7%], replicas will not be assigned to this node
[2020-06-20T01:16:05,097][INFO ][o.e.c.r.a.DiskThresholdMonitor] [user_cv_node] low disk watermark [85%] exceeded on [_NKr5-i1Qse_Aibt_dZBzw][user_cv_node][C:\Users\bahma\eclipse-workspace\project\elasticsearch\data\nodes\0] free: 56.5gb[12.1%], replicas will not be assigned to this node
[2020-06-20T01:16:35,139][INFO ][o.e.c.r.a.DiskThresholdMonitor] [user_cv_node] low disk watermark [85%] exceeded on [_NKr5-i1Qse_Aibt_dZBzw][user_cv_node][C:\Users\bahma\eclipse-workspace\project\elasticsearch\data\nodes\0] free: 59.1gb[12.7%], replicas will not be assigned to this node
[2020-06-20T01:17:05,181][INFO ][o.e.c.r.a.DiskThresholdMonitor] [user_cv_node] low disk watermark [85%] exceeded on [_NKr5-i1Qse_Aibt_dZBzw][user_cv_node][C:\Users\bahma\eclipse-workspace\project\elasticsearch\data\nodes\0] free: 59.1gb[12.7%], replicas will not be assigned to this node
[2020-06-20T01:17:35,227][INFO ][o.e.c.r.a.DiskThresholdMonitor] [user_cv_node] low disk watermark [85%] exceeded on [_NKr5-i1Qse_Aibt_dZBzw][user_cv_node][C:\Users\bahma\eclipse-workspace\project\elasticsearch\data\nodes\0] free: 59.1gb[12.7%], replicas will not be assigned to this node
[2020-06-20T01:18:05,277][INFO ][o.e.c.r.a.DiskThresholdMonitor] [user_cv_node] low disk watermark [85%] exceeded on [_NKr5-i1Qse_Aibt_dZBzw][user_cv_node][C:\Users\bahma\eclipse-workspace\project\elasticsearch\data\nodes\0] free: 59.1gb[12.7%], replicas will not be assigned to this node
[2020-06-20T01:18:35,332][INFO ][o.e.c.r.a.DiskThresholdMonitor] [user_cv_node] low disk watermark [85%] exceeded on [_NKr5-i1Qse_Aibt_dZBzw][user_cv_node][C:\Users\bahma\eclipse-workspace\project\elasticsearch\data\nodes\0] free: 59.1gb[12.7%], replicas will not be assigned to this node
[2020-06-20T01:19:05,385][INFO ][o.e.c.r.a.DiskThresholdMonitor] [user_cv_node] low disk watermark [85%] exceeded on [_NKr5-i1Qse_Aibt_dZBzw][user_cv_node][C:\Users\bahma\eclipse-workspace\project\elasticsearch\data\nodes\0] free: 59.1gb[12.7%], replicas will not be assigned to this node
[2020-06-20T01:19:35,430][INFO ][o.e.c.r.a.DiskThresholdMonitor] [user_cv_node] low disk watermark [85%] exceeded on [_NKr5-i1Qse_Aibt_dZBzw][user_cv_node][C:\Users\bahma\eclipse-workspace\project\elasticsearch\data\nodes\0] free: 59gb[12.7%], replicas will not be assigned to this node
[2020-06-20T01:20:05,476][INFO ][o.e.c.r.a.DiskThresholdMonitor] [user_cv_node] low disk watermark [85%] exceeded on [_NKr5-i1Qse_Aibt_dZBzw][user_cv_node][C:\Users\bahma\eclipse-workspace\project\elasticsearch\data\nodes\0] free: 59gb[12.7%], replicas will not be assigned to this node
[2020-06-20T01:20:35,528][INFO ][o.e.c.r.a.DiskThresholdMonitor] [user_cv_node] low disk watermark [85%] exceeded on [_NKr5-i1Qse_Aibt_dZBzw][user_cv_node][C:\Users\bahma\eclipse-workspace\project\elasticsearch\data\nodes\0] free: 59gb[12.7%], replicas will not be assigned to this node
[2020-06-20T01:21:05,587][INFO ][o.e.c.r.a.DiskThresholdMonitor] [user_cv_node] low disk watermark [85%] exceeded on [_NKr5-i1Qse_Aibt_dZBzw][user_cv_node][C:\Users\bahma\eclipse-workspace\project\elasticsearch\data\nodes\0] free: 59gb[12.7%], replicas will not be assigned to this node
[2020-06-20T01:21:35,630][INFO ][o.e.c.r.a.DiskThresholdMonitor] [user_cv_node] low disk watermark [85%] exceeded on [_NKr5-i1Qse_Aibt_dZBzw][user_cv_node][C:\Users\bahma\eclipse-workspace\project\elasticsearch\data\nodes\0] free: 59gb[12.7%], replicas will not be assigned to this node
[2020-06-20T01:22:05,673][INFO ][o.e.c.r.a.DiskThresholdMonitor] [user_cv_node] low disk watermark [85%] exceeded on [_NKr5-i1Qse_Aibt_dZBzw][user_cv_node][C:\Users\bahma\eclipse-workspace\project\elasticsearch\data\nodes\0] free: 59gb[12.7%], replicas will not be assigned to this node
[2020-06-20T01:22:35,717][INFO ][o.e.c.r.a.DiskThresholdMonitor] [user_cv_node] low disk watermark [85%] exceeded on [_NKr5-i1Qse_Aibt_dZBzw][user_cv_node][C:\Users\bahma\eclipse-workspace\project\elasticsearch\data\nodes\0] free: 59gb[12.7%], replicas will not be assigned to this node
[2020-06-20T01:23:05,759][INFO ][o.e.c.r.a.DiskThresholdMonitor] [user_cv_node] low disk watermark [85%] exceeded on [_NKr5-i1Qse_Aibt_dZBzw][user_cv_node][C:\Users\bahma\eclipse-workspace\project\elasticsearch\data\nodes\0] free: 59gb[12.7%], replicas will not be assigned to this node
[2020-06-20T01:23:35,813][INFO ][o.e.c.r.a.DiskThresholdMonitor] [user_cv_node] low disk watermark [85%] exceeded on [_NKr5-i1Qse_Aibt_dZBzw][user_cv_node][C:\Users\bahma\eclipse-workspace\project\elasticsearch\data\nodes\0] free: 59gb[12.7%], replicas will not be assigned to this node
[2020-06-20T01:24:05,855][INFO ][o.e.c.r.a.DiskThresholdMonitor] [user_cv_node] low disk watermark [85%] exceeded on [_NKr5-i1Qse_Aibt_dZBzw][user_cv_node][C:\Users\bahma\eclipse-workspace\project\elasticsearch\data\nodes\0] free: 59gb[12.7%], replicas will not be assigned to this node
[2020-06-20T01:24:35,899][INFO ][o.e.c.r.a.DiskThresholdMonitor] [user_cv_node] low disk watermark [85%] exceeded on [_NKr5-i1Qse_Aibt_dZBzw][user_cv_node][C:\Users\bahma\eclipse-workspace\project\elasticsearch\data\nodes\0] free: 59gb[12.7%], replicas will not be assigned to this node
[2020-06-20T01:25:05,942][INFO ][o.e.c.r.a.DiskThresholdMonitor] [user_cv_node] low disk watermark [85%] exceeded on [_NKr5-i1Qse_Aibt_dZBzw][user_cv_node][C:\Users\bahma\eclipse-workspace\project\elasticsearch\data\nodes\0] free: 59gb[12.7%], replicas will not be assigned to this node
[2020-06-20T01:25:35,985][INFO ][o.e.c.r.a.DiskThresholdMonitor] [user_cv_node] low disk watermark [85%] exceeded on [_NKr5-i1Qse_Aibt_dZBzw][user_cv_node][C:\Users\bahma\eclipse-workspace\project\elasticsearch\data\nodes\0] free: 59gb[12.7%], replicas will not be assigned to this node
[2020-06-20T01:26:06,027][INFO ][o.e.c.r.a.DiskThresholdMonitor] [user_cv_node] low disk watermark [85%] exceeded on [_NKr5-i1Qse_Aibt_dZBzw][user_cv_node][C:\Users\bahma\eclipse-workspace\project\elasticsearch\data\nodes\0] free: 59gb[12.7%], replicas will not be assigned to this node
[2020-06-20T01:26:36,069][INFO ][o.e.c.r.a.DiskThresholdMonitor] [user_cv_node] low disk watermark [85%] exceeded on [_NKr5-i1Qse_Aibt_dZBzw][user_cv_node][C:\Users\bahma\eclipse-workspace\project\elasticsearch\data\nodes\0] free: 59gb[12.7%], replicas will not be assigned to this node
[2020-06-20T01:27:06,113][INFO ][o.e.c.r.a.DiskThresholdMonitor] [user_cv_node] low disk watermark [85%] exceeded on [_NKr5-i1Qse_Aibt_dZBzw][user_cv_node][C:\Users\bahma\eclipse-workspace\project\elasticsearch\data\nodes\0] free: 59gb[12.7%], replicas will not be assigned to this node
[2020-06-20T01:27:36,155][INFO ][o.e.c.r.a.DiskThresholdMonitor] [user_cv_node] low disk watermark [85%] exceeded on [_NKr5-i1Qse_Aibt_dZBzw][user_cv_node][C:\Users\bahma\eclipse-workspace\project\elasticsearch\data\nodes\0] free: 56.5gb[12.1%], replicas will not be assigned to this node
[2020-06-20T01:28:06,201][INFO ][o.e.c.r.a.DiskThresholdMonitor] [user_cv_node] low disk watermark [85%] exceeded on [_NKr5-i1Qse_Aibt_dZBzw][user_cv_node][C:\Users\bahma\eclipse-workspace\project\elasticsearch\data\nodes\0] free: 59gb[12.7%], replicas will not be assigned to this node
[2020-06-20T01:28:36,244][INFO ][o.e.c.r.a.DiskThresholdMonitor] [user_cv_node] low disk watermark [85%] exceeded on [_NKr5-i1Qse_Aibt_dZBzw][user_cv_node][C:\Users\bahma\eclipse-workspace\project\elasticsearch\data\nodes\0] free: 59gb[12.7%], replicas will not be assigned to this node
[2020-06-20T01:29:06,286][INFO ][o.e.c.r.a.DiskThresholdMonitor] [user_cv_node] low disk watermark [85%] exceeded on [_NKr5-i1Qse_Aibt_dZBzw][user_cv_node][C:\Users\bahma\eclipse-workspace\project\elasticsearch\data\nodes\0] free: 59gb[12.7%], replicas will not be assigned to this node
[2020-06-20T01:29:36,337][INFO ][o.e.c.r.a.DiskThresholdMonitor] [user_cv_node] low disk watermark [85%] exceeded on [_NKr5-i1Qse_Aibt_dZBzw][user_cv_node][C:\Users\bahma\eclipse-workspace\project\elasticsearch\data\nodes\0] free: 59gb[12.7%], replicas will not be assigned to this node
[2020-06-20T01:30:06,380][INFO ][o.e.c.r.a.DiskThresholdMonitor] [user_cv_node] low disk watermark [85%] exceeded on [_NKr5-i1Qse_Aibt_dZBzw][user_cv_node][C:\Users\bahma\eclipse-workspace\project\elasticsearch\data\nodes\0] free: 59gb[12.7%], replicas will not be assigned to this node
[2020-06-20T01:30:36,422][INFO ][o.e.c.r.a.DiskThresholdMonitor] [user_cv_node] low disk watermark [85%] exceeded on [_NKr5-i1Qse_Aibt_dZBzw][user_cv_node][C:\Users\bahma\eclipse-workspace\project\elasticsearch\data\nodes\0] free: 59gb[12.7%], replicas will not be assigned to this node
[2020-06-20T01:31:06,468][INFO ][o.e.c.r.a.DiskThresholdMonitor] [user_cv_node] low disk watermark [85%] exceeded on [_NKr5-i1Qse_Aibt_dZBzw][user_cv_node][C:\Users\bahma\eclipse-workspace\project\elasticsearch\data\nodes\0] free: 59gb[12.7%], replicas will not be assigned to this node
[2020-06-20T01:31:36,510][INFO ][o.e.c.r.a.DiskThresholdMonitor] [user_cv_node] low disk watermark [85%] exceeded on [_NKr5-i1Qse_Aibt_dZBzw][user_cv_node][C:\Users\bahma\eclipse-workspace\project\elasticsearch\data\nodes\0] free: 59gb[12.7%], replicas will not be assigned to this node
[2020-06-20T01:32:06,607][INFO ][o.e.c.r.a.DiskThresholdMonitor] [user_cv_node] low disk watermark [85%] exceeded on [_NKr5-i1Qse_Aibt_dZBzw][user_cv_node][C:\Users\bahma\eclipse-workspace\project\elasticsearch\data\nodes\0] free: 59gb[12.6%], replicas will not be assigned to this node
[2020-06-20T01:32:36,673][INFO ][o.e.c.r.a.DiskThresholdMonitor] [user_cv_node] low disk watermark [85%] exceeded on [_NKr5-i1Qse_Aibt_dZBzw][user_cv_node][C:\Users\bahma\eclipse-workspace\project\elasticsearch\data\nodes\0] free: 59gb[12.6%], replicas will not be assigned to this node
[2020-06-20T01:33:06,791][INFO ][o.e.c.r.a.DiskThresholdMonitor] [user_cv_node] low disk watermark [85%] exceeded on [_NKr5-i1Qse_Aibt_dZBzw][user_cv_node][C:\Users\bahma\eclipse-workspace\project\elasticsearch\data\nodes\0] free: 59gb[12.6%], replicas will not be assigned to this node
[2020-06-20T01:33:36,854][INFO ][o.e.c.r.a.DiskThresholdMonitor] [user_cv_node] low disk watermark [85%] exceeded on [_NKr5-i1Qse_Aibt_dZBzw][user_cv_node][C:\Users\bahma\eclipse-workspace\project\elasticsearch\data\nodes\0] free: 59gb[12.6%], replicas will not be assigned to this node
[2020-06-20T01:34:06,912][INFO ][o.e.c.r.a.DiskThresholdMonitor] [user_cv_node] low disk watermark [85%] exceeded on [_NKr5-i1Qse_Aibt_dZBzw][user_cv_node][C:\Users\bahma\eclipse-workspace\project\elasticsearch\data\nodes\0] free: 59gb[12.6%], replicas will not be assigned to this node
[2020-06-20T01:34:36,967][INFO ][o.e.c.r.a.DiskThresholdMonitor] [user_cv_node] low disk watermark [85%] exceeded on [_NKr5-i1Qse_Aibt_dZBzw][user_cv_node][C:\Users\bahma\eclipse-workspace\project\elasticsearch\data\nodes\0] free: 59gb[12.6%], replicas will not be assigned to this node
[2020-06-20T01:35:07,022][INFO ][o.e.c.r.a.DiskThresholdMonitor] [user_cv_node] low disk watermark [85%] exceeded on [_NKr5-i1Qse_Aibt_dZBzw][user_cv_node][C:\Users\bahma\eclipse-workspace\project\elasticsearch\data\nodes\0] free: 59gb[12.6%], replicas will not be assigned to this node
[2020-06-20T01:35:37,081][INFO ][o.e.c.r.a.DiskThresholdMonitor] [user_cv_node] low disk watermark [85%] exceeded on [_NKr5-i1Qse_Aibt_dZBzw][user_cv_node][C:\Users\bahma\eclipse-workspace\project\elasticsearch\data\nodes\0] free: 59gb[12.6%], replicas will not be assigned to this node
[2020-06-20T01:36:07,137][INFO ][o.e.c.r.a.DiskThresholdMonitor] [user_cv_node] low disk watermark [85%] exceeded on [_NKr5-i1Qse_Aibt_dZBzw][user_cv_node][C:\Users\bahma\eclipse-workspace\project\elasticsearch\data\nodes\0] free: 59gb[12.6%], replicas will not be assigned to this node
[2020-06-20T01:36:37,197][INFO ][o.e.c.r.a.DiskThresholdMonitor] [user_cv_node] low disk watermark [85%] exceeded on [_NKr5-i1Qse_Aibt_dZBzw][user_cv_node][C:\Users\bahma\eclipse-workspace\project\elasticsearch\data\nodes\0] free: 59gb[12.6%], replicas will not be assigned to this node
[2020-06-20T01:37:00,910][WARN ][o.e.h.n.Netty4HttpServerTransport] [user_cv_node] caught exception while handling client http traffic, closing connection [id: 0xb7991e93, L:/127.0.0.1:9200 - R:/127.0.0.1:50937]
java.io.IOException: Une connexion existante a dû être fermée par l’hôte distant
	at sun.nio.ch.SocketDispatcher.read0(Native Method) ~[?:?]
	at sun.nio.ch.SocketDispatcher.read(Unknown Source) ~[?:?]
	at sun.nio.ch.IOUtil.readIntoNativeBuffer(Unknown Source) ~[?:?]
	at sun.nio.ch.IOUtil.read(Unknown Source) ~[?:?]
	at sun.nio.ch.SocketChannelImpl.read(Unknown Source) ~[?:?]
	at io.netty.buffer.PooledHeapByteBuf.setBytes(PooledHeapByteBuf.java:261) ~[netty-buffer-4.1.16.Final.jar:4.1.16.Final]
	at io.netty.buffer.AbstractByteBuf.writeBytes(AbstractByteBuf.java:1106) ~[netty-buffer-4.1.16.Final.jar:4.1.16.Final]
	at io.netty.channel.socket.nio.NioSocketChannel.doReadBytes(NioSocketChannel.java:343) ~[netty-transport-4.1.16.Final.jar:4.1.16.Final]
	at io.netty.channel.nio.AbstractNioByteChannel$NioByteUnsafe.read(AbstractNioByteChannel.java:123) [netty-transport-4.1.16.Final.jar:4.1.16.Final]
	at io.netty.channel.nio.NioEventLoop.processSelectedKey(NioEventLoop.java:645) [netty-transport-4.1.16.Final.jar:4.1.16.Final]
	at io.netty.channel.nio.NioEventLoop.processSelectedKeysPlain(NioEventLoop.java:545) [netty-transport-4.1.16.Final.jar:4.1.16.Final]
	at io.netty.channel.nio.NioEventLoop.processSelectedKeys(NioEventLoop.java:499) [netty-transport-4.1.16.Final.jar:4.1.16.Final]
	at io.netty.channel.nio.NioEventLoop.run(NioEventLoop.java:459) [netty-transport-4.1.16.Final.jar:4.1.16.Final]
	at io.netty.util.concurrent.SingleThreadEventExecutor$5.run(SingleThreadEventExecutor.java:858) [netty-common-4.1.16.Final.jar:4.1.16.Final]
	at java.lang.Thread.run(Unknown Source) [?:1.8.0_151]
[2020-06-20T01:37:07,258][INFO ][o.e.c.r.a.DiskThresholdMonitor] [user_cv_node] low disk watermark [85%] exceeded on [_NKr5-i1Qse_Aibt_dZBzw][user_cv_node][C:\Users\bahma\eclipse-workspace\project\elasticsearch\data\nodes\0] free: 59gb[12.6%], replicas will not be assigned to this node
[2020-06-20T01:37:37,294][INFO ][o.e.c.r.a.DiskThresholdMonitor] [user_cv_node] low disk watermark [85%] exceeded on [_NKr5-i1Qse_Aibt_dZBzw][user_cv_node][C:\Users\bahma\eclipse-workspace\project\elasticsearch\data\nodes\0] free: 56.5gb[12.1%], replicas will not be assigned to this node
[2020-06-20T01:38:07,334][INFO ][o.e.c.r.a.DiskThresholdMonitor] [user_cv_node] low disk watermark [85%] exceeded on [_NKr5-i1Qse_Aibt_dZBzw][user_cv_node][C:\Users\bahma\eclipse-workspace\project\elasticsearch\data\nodes\0] free: 56.5gb[12.1%], replicas will not be assigned to this node
[2020-06-20T01:38:37,383][INFO ][o.e.c.r.a.DiskThresholdMonitor] [user_cv_node] low disk watermark [85%] exceeded on [_NKr5-i1Qse_Aibt_dZBzw][user_cv_node][C:\Users\bahma\eclipse-workspace\project\elasticsearch\data\nodes\0] free: 56.5gb[12.1%], replicas will not be assigned to this node
[2020-06-20T01:39:07,430][INFO ][o.e.c.r.a.DiskThresholdMonitor] [user_cv_node] low disk watermark [85%] exceeded on [_NKr5-i1Qse_Aibt_dZBzw][user_cv_node][C:\Users\bahma\eclipse-workspace\project\elasticsearch\data\nodes\0] free: 57.1gb[12.2%], replicas will not be assigned to this node
[2020-06-20T01:39:37,472][INFO ][o.e.c.r.a.DiskThresholdMonitor] [user_cv_node] low disk watermark [85%] exceeded on [_NKr5-i1Qse_Aibt_dZBzw][user_cv_node][C:\Users\bahma\eclipse-workspace\project\elasticsearch\data\nodes\0] free: 57.1gb[12.2%], replicas will not be assigned to this node
[2020-06-20T01:40:07,516][INFO ][o.e.c.r.a.DiskThresholdMonitor] [user_cv_node] low disk watermark [85%] exceeded on [_NKr5-i1Qse_Aibt_dZBzw][user_cv_node][C:\Users\bahma\eclipse-workspace\project\elasticsearch\data\nodes\0] free: 57.1gb[12.2%], replicas will not be assigned to this node
[2020-06-20T01:40:37,558][INFO ][o.e.c.r.a.DiskThresholdMonitor] [user_cv_node] low disk watermark [85%] exceeded on [_NKr5-i1Qse_Aibt_dZBzw][user_cv_node][C:\Users\bahma\eclipse-workspace\project\elasticsearch\data\nodes\0] free: 57.1gb[12.2%], replicas will not be assigned to this node
[2020-06-20T01:40:58,014][WARN ][o.e.h.n.Netty4HttpServerTransport] [user_cv_node] caught exception while handling client http traffic, closing connection [id: 0xa12bc6f4, L:/127.0.0.1:9200 - R:/127.0.0.1:50913]
java.io.IOException: Une connexion existante a dû être fermée par l’hôte distant
	at sun.nio.ch.SocketDispatcher.read0(Native Method) ~[?:?]
	at sun.nio.ch.SocketDispatcher.read(Unknown Source) ~[?:?]
	at sun.nio.ch.IOUtil.readIntoNativeBuffer(Unknown Source) ~[?:?]
	at sun.nio.ch.IOUtil.read(Unknown Source) ~[?:?]
	at sun.nio.ch.SocketChannelImpl.read(Unknown Source) ~[?:?]
	at io.netty.buffer.PooledHeapByteBuf.setBytes(PooledHeapByteBuf.java:261) ~[netty-buffer-4.1.16.Final.jar:4.1.16.Final]
	at io.netty.buffer.AbstractByteBuf.writeBytes(AbstractByteBuf.java:1106) ~[netty-buffer-4.1.16.Final.jar:4.1.16.Final]
	at io.netty.channel.socket.nio.NioSocketChannel.doReadBytes(NioSocketChannel.java:343) ~[netty-transport-4.1.16.Final.jar:4.1.16.Final]
	at io.netty.channel.nio.AbstractNioByteChannel$NioByteUnsafe.read(AbstractNioByteChannel.java:123) [netty-transport-4.1.16.Final.jar:4.1.16.Final]
	at io.netty.channel.nio.NioEventLoop.processSelectedKey(NioEventLoop.java:645) [netty-transport-4.1.16.Final.jar:4.1.16.Final]
	at io.netty.channel.nio.NioEventLoop.processSelectedKeysPlain(NioEventLoop.java:545) [netty-transport-4.1.16.Final.jar:4.1.16.Final]
	at io.netty.channel.nio.NioEventLoop.processSelectedKeys(NioEventLoop.java:499) [netty-transport-4.1.16.Final.jar:4.1.16.Final]
	at io.netty.channel.nio.NioEventLoop.run(NioEventLoop.java:459) [netty-transport-4.1.16.Final.jar:4.1.16.Final]
	at io.netty.util.concurrent.SingleThreadEventExecutor$5.run(SingleThreadEventExecutor.java:858) [netty-common-4.1.16.Final.jar:4.1.16.Final]
	at java.lang.Thread.run(Unknown Source) [?:1.8.0_151]
[2020-06-20T01:40:58,014][WARN ][o.e.h.n.Netty4HttpServerTransport] [user_cv_node] caught exception while handling client http traffic, closing connection [id: 0x15c8f792, L:/127.0.0.1:9200 - R:/127.0.0.1:49211]
java.io.IOException: Une connexion existante a dû être fermée par l’hôte distant
	at sun.nio.ch.SocketDispatcher.read0(Native Method) ~[?:?]
	at sun.nio.ch.SocketDispatcher.read(Unknown Source) ~[?:?]
	at sun.nio.ch.IOUtil.readIntoNativeBuffer(Unknown Source) ~[?:?]
	at sun.nio.ch.IOUtil.read(Unknown Source) ~[?:?]
	at sun.nio.ch.SocketChannelImpl.read(Unknown Source) ~[?:?]
	at io.netty.buffer.PooledHeapByteBuf.setBytes(PooledHeapByteBuf.java:261) ~[netty-buffer-4.1.16.Final.jar:4.1.16.Final]
	at io.netty.buffer.AbstractByteBuf.writeBytes(AbstractByteBuf.java:1106) ~[netty-buffer-4.1.16.Final.jar:4.1.16.Final]
	at io.netty.channel.socket.nio.NioSocketChannel.doReadBytes(NioSocketChannel.java:343) ~[netty-transport-4.1.16.Final.jar:4.1.16.Final]
	at io.netty.channel.nio.AbstractNioByteChannel$NioByteUnsafe.read(AbstractNioByteChannel.java:123) [netty-transport-4.1.16.Final.jar:4.1.16.Final]
	at io.netty.channel.nio.NioEventLoop.processSelectedKey(NioEventLoop.java:645) [netty-transport-4.1.16.Final.jar:4.1.16.Final]
	at io.netty.channel.nio.NioEventLoop.processSelectedKeysPlain(NioEventLoop.java:545) [netty-transport-4.1.16.Final.jar:4.1.16.Final]
	at io.netty.channel.nio.NioEventLoop.processSelectedKeys(NioEventLoop.java:499) [netty-transport-4.1.16.Final.jar:4.1.16.Final]
	at io.netty.channel.nio.NioEventLoop.run(NioEventLoop.java:459) [netty-transport-4.1.16.Final.jar:4.1.16.Final]
	at io.netty.util.concurrent.SingleThreadEventExecutor$5.run(SingleThreadEventExecutor.java:858) [netty-common-4.1.16.Final.jar:4.1.16.Final]
	at java.lang.Thread.run(Unknown Source) [?:1.8.0_151]
[2020-06-20T01:40:58,015][WARN ][o.e.h.n.Netty4HttpServerTransport] [user_cv_node] caught exception while handling client http traffic, closing connection [id: 0x00b2a22f, L:/127.0.0.1:9200 - R:/127.0.0.1:50910]
java.io.IOException: Une connexion existante a dû être fermée par l’hôte distant
	at sun.nio.ch.SocketDispatcher.read0(Native Method) ~[?:?]
	at sun.nio.ch.SocketDispatcher.read(Unknown Source) ~[?:?]
	at sun.nio.ch.IOUtil.readIntoNativeBuffer(Unknown Source) ~[?:?]
	at sun.nio.ch.IOUtil.read(Unknown Source) ~[?:?]
	at sun.nio.ch.SocketChannelImpl.read(Unknown Source) ~[?:?]
	at io.netty.buffer.PooledHeapByteBuf.setBytes(PooledHeapByteBuf.java:261) ~[netty-buffer-4.1.16.Final.jar:4.1.16.Final]
	at io.netty.buffer.AbstractByteBuf.writeBytes(AbstractByteBuf.java:1106) ~[netty-buffer-4.1.16.Final.jar:4.1.16.Final]
	at io.netty.channel.socket.nio.NioSocketChannel.doReadBytes(NioSocketChannel.java:343) ~[netty-transport-4.1.16.Final.jar:4.1.16.Final]
	at io.netty.channel.nio.AbstractNioByteChannel$NioByteUnsafe.read(AbstractNioByteChannel.java:123) [netty-transport-4.1.16.Final.jar:4.1.16.Final]
	at io.netty.channel.nio.NioEventLoop.processSelectedKey(NioEventLoop.java:645) [netty-transport-4.1.16.Final.jar:4.1.16.Final]
	at io.netty.channel.nio.NioEventLoop.processSelectedKeysPlain(NioEventLoop.java:545) [netty-transport-4.1.16.Final.jar:4.1.16.Final]
	at io.netty.channel.nio.NioEventLoop.processSelectedKeys(NioEventLoop.java:499) [netty-transport-4.1.16.Final.jar:4.1.16.Final]
	at io.netty.channel.nio.NioEventLoop.run(NioEventLoop.java:459) [netty-transport-4.1.16.Final.jar:4.1.16.Final]
	at io.netty.util.concurrent.SingleThreadEventExecutor$5.run(SingleThreadEventExecutor.java:858) [netty-common-4.1.16.Final.jar:4.1.16.Final]
	at java.lang.Thread.run(Unknown Source) [?:1.8.0_151]
[2020-06-20T01:40:58,015][WARN ][o.e.h.n.Netty4HttpServerTransport] [user_cv_node] caught exception while handling client http traffic, closing connection [id: 0x05c9e5df, L:/127.0.0.1:9200 - R:/127.0.0.1:50908]
java.io.IOException: Une connexion existante a dû être fermée par l’hôte distant
	at sun.nio.ch.SocketDispatcher.read0(Native Method) ~[?:?]
	at sun.nio.ch.SocketDispatcher.read(Unknown Source) ~[?:?]
	at sun.nio.ch.IOUtil.readIntoNativeBuffer(Unknown Source) ~[?:?]
	at sun.nio.ch.IOUtil.read(Unknown Source) ~[?:?]
	at sun.nio.ch.SocketChannelImpl.read(Unknown Source) ~[?:?]
	at io.netty.buffer.PooledHeapByteBuf.setBytes(PooledHeapByteBuf.java:261) ~[netty-buffer-4.1.16.Final.jar:4.1.16.Final]
	at io.netty.buffer.AbstractByteBuf.writeBytes(AbstractByteBuf.java:1106) ~[netty-buffer-4.1.16.Final.jar:4.1.16.Final]
	at io.netty.channel.socket.nio.NioSocketChannel.doReadBytes(NioSocketChannel.java:343) ~[netty-transport-4.1.16.Final.jar:4.1.16.Final]
	at io.netty.channel.nio.AbstractNioByteChannel$NioByteUnsafe.read(AbstractNioByteChannel.java:123) [netty-transport-4.1.16.Final.jar:4.1.16.Final]
	at io.netty.channel.nio.NioEventLoop.processSelectedKey(NioEventLoop.java:645) [netty-transport-4.1.16.Final.jar:4.1.16.Final]
	at io.netty.channel.nio.NioEventLoop.processSelectedKeysPlain(NioEventLoop.java:545) [netty-transport-4.1.16.Final.jar:4.1.16.Final]
	at io.netty.channel.nio.NioEventLoop.processSelectedKeys(NioEventLoop.java:499) [netty-transport-4.1.16.Final.jar:4.1.16.Final]
	at io.netty.channel.nio.NioEventLoop.run(NioEventLoop.java:459) [netty-transport-4.1.16.Final.jar:4.1.16.Final]
	at io.netty.util.concurrent.SingleThreadEventExecutor$5.run(SingleThreadEventExecutor.java:858) [netty-common-4.1.16.Final.jar:4.1.16.Final]
	at java.lang.Thread.run(Unknown Source) [?:1.8.0_151]
[2020-06-20T01:40:58,016][WARN ][o.e.h.n.Netty4HttpServerTransport] [user_cv_node] caught exception while handling client http traffic, closing connection [id: 0x60b97c4b, L:/127.0.0.1:9200 - R:/127.0.0.1:50914]
java.io.IOException: Une connexion existante a dû être fermée par l’hôte distant
	at sun.nio.ch.SocketDispatcher.read0(Native Method) ~[?:?]
	at sun.nio.ch.SocketDispatcher.read(Unknown Source) ~[?:?]
	at sun.nio.ch.IOUtil.readIntoNativeBuffer(Unknown Source) ~[?:?]
	at sun.nio.ch.IOUtil.read(Unknown Source) ~[?:?]
	at sun.nio.ch.SocketChannelImpl.read(Unknown Source) ~[?:?]
	at io.netty.buffer.PooledHeapByteBuf.setBytes(PooledHeapByteBuf.java:261) ~[netty-buffer-4.1.16.Final.jar:4.1.16.Final]
	at io.netty.buffer.AbstractByteBuf.writeBytes(AbstractByteBuf.java:1106) ~[netty-buffer-4.1.16.Final.jar:4.1.16.Final]
	at io.netty.channel.socket.nio.NioSocketChannel.doReadBytes(NioSocketChannel.java:343) ~[netty-transport-4.1.16.Final.jar:4.1.16.Final]
	at io.netty.channel.nio.AbstractNioByteChannel$NioByteUnsafe.read(AbstractNioByteChannel.java:123) [netty-transport-4.1.16.Final.jar:4.1.16.Final]
	at io.netty.channel.nio.NioEventLoop.processSelectedKey(NioEventLoop.java:645) [netty-transport-4.1.16.Final.jar:4.1.16.Final]
	at io.netty.channel.nio.NioEventLoop.processSelectedKeysPlain(NioEventLoop.java:545) [netty-transport-4.1.16.Final.jar:4.1.16.Final]
	at io.netty.channel.nio.NioEventLoop.processSelectedKeys(NioEventLoop.java:499) [netty-transport-4.1.16.Final.jar:4.1.16.Final]
	at io.netty.channel.nio.NioEventLoop.run(NioEventLoop.java:459) [netty-transport-4.1.16.Final.jar:4.1.16.Final]
	at io.netty.util.concurrent.SingleThreadEventExecutor$5.run(SingleThreadEventExecutor.java:858) [netty-common-4.1.16.Final.jar:4.1.16.Final]
	at java.lang.Thread.run(Unknown Source) [?:1.8.0_151]
[2020-06-20T01:40:58,014][WARN ][o.e.h.n.Netty4HttpServerTransport] [user_cv_node] caught exception while handling client http traffic, closing connection [id: 0x0fbe01eb, L:/127.0.0.1:9200 - R:/127.0.0.1:50912]
java.io.IOException: Une connexion existante a dû être fermée par l’hôte distant
	at sun.nio.ch.SocketDispatcher.read0(Native Method) ~[?:?]
	at sun.nio.ch.SocketDispatcher.read(Unknown Source) ~[?:?]
	at sun.nio.ch.IOUtil.readIntoNativeBuffer(Unknown Source) ~[?:?]
	at sun.nio.ch.IOUtil.read(Unknown Source) ~[?:?]
	at sun.nio.ch.SocketChannelImpl.read(Unknown Source) ~[?:?]
	at io.netty.buffer.PooledHeapByteBuf.setBytes(PooledHeapByteBuf.java:261) ~[netty-buffer-4.1.16.Final.jar:4.1.16.Final]
	at io.netty.buffer.AbstractByteBuf.writeBytes(AbstractByteBuf.java:1106) ~[netty-buffer-4.1.16.Final.jar:4.1.16.Final]
	at io.netty.channel.socket.nio.NioSocketChannel.doReadBytes(NioSocketChannel.java:343) ~[netty-transport-4.1.16.Final.jar:4.1.16.Final]
	at io.netty.channel.nio.AbstractNioByteChannel$NioByteUnsafe.read(AbstractNioByteChannel.java:123) [netty-transport-4.1.16.Final.jar:4.1.16.Final]
	at io.netty.channel.nio.NioEventLoop.processSelectedKey(NioEventLoop.java:645) [netty-transport-4.1.16.Final.jar:4.1.16.Final]
	at io.netty.channel.nio.NioEventLoop.processSelectedKeysPlain(NioEventLoop.java:545) [netty-transport-4.1.16.Final.jar:4.1.16.Final]
	at io.netty.channel.nio.NioEventLoop.processSelectedKeys(NioEventLoop.java:499) [netty-transport-4.1.16.Final.jar:4.1.16.Final]
	at io.netty.channel.nio.NioEventLoop.run(NioEventLoop.java:459) [netty-transport-4.1.16.Final.jar:4.1.16.Final]
	at io.netty.util.concurrent.SingleThreadEventExecutor$5.run(SingleThreadEventExecutor.java:858) [netty-common-4.1.16.Final.jar:4.1.16.Final]
	at java.lang.Thread.run(Unknown Source) [?:1.8.0_151]
[2020-06-20T01:40:58,014][WARN ][o.e.h.n.Netty4HttpServerTransport] [user_cv_node] caught exception while handling client http traffic, closing connection [id: 0xd961fd81, L:/127.0.0.1:9200 - R:/127.0.0.1:50909]
java.io.IOException: Une connexion existante a dû être fermée par l’hôte distant
	at sun.nio.ch.SocketDispatcher.read0(Native Method) ~[?:?]
	at sun.nio.ch.SocketDispatcher.read(Unknown Source) ~[?:?]
	at sun.nio.ch.IOUtil.readIntoNativeBuffer(Unknown Source) ~[?:?]
	at sun.nio.ch.IOUtil.read(Unknown Source) ~[?:?]
	at sun.nio.ch.SocketChannelImpl.read(Unknown Source) ~[?:?]
	at io.netty.buffer.PooledHeapByteBuf.setBytes(PooledHeapByteBuf.java:261) ~[netty-buffer-4.1.16.Final.jar:4.1.16.Final]
	at io.netty.buffer.AbstractByteBuf.writeBytes(AbstractByteBuf.java:1106) ~[netty-buffer-4.1.16.Final.jar:4.1.16.Final]
	at io.netty.channel.socket.nio.NioSocketChannel.doReadBytes(NioSocketChannel.java:343) ~[netty-transport-4.1.16.Final.jar:4.1.16.Final]
	at io.netty.channel.nio.AbstractNioByteChannel$NioByteUnsafe.read(AbstractNioByteChannel.java:123) [netty-transport-4.1.16.Final.jar:4.1.16.Final]
	at io.netty.channel.nio.NioEventLoop.processSelectedKey(NioEventLoop.java:645) [netty-transport-4.1.16.Final.jar:4.1.16.Final]
	at io.netty.channel.nio.NioEventLoop.processSelectedKeysPlain(NioEventLoop.java:545) [netty-transport-4.1.16.Final.jar:4.1.16.Final]
	at io.netty.channel.nio.NioEventLoop.processSelectedKeys(NioEventLoop.java:499) [netty-transport-4.1.16.Final.jar:4.1.16.Final]
	at io.netty.channel.nio.NioEventLoop.run(NioEventLoop.java:459) [netty-transport-4.1.16.Final.jar:4.1.16.Final]
	at io.netty.util.concurrent.SingleThreadEventExecutor$5.run(SingleThreadEventExecutor.java:858) [netty-common-4.1.16.Final.jar:4.1.16.Final]
	at java.lang.Thread.run(Unknown Source) [?:1.8.0_151]
[2020-06-20T01:40:58,014][WARN ][o.e.h.n.Netty4HttpServerTransport] [user_cv_node] caught exception while handling client http traffic, closing connection [id: 0xa2ee6599, L:/127.0.0.1:9200 - R:/127.0.0.1:50911]
java.io.IOException: Une connexion existante a dû être fermée par l’hôte distant
	at sun.nio.ch.SocketDispatcher.read0(Native Method) ~[?:?]
	at sun.nio.ch.SocketDispatcher.read(Unknown Source) ~[?:?]
	at sun.nio.ch.IOUtil.readIntoNativeBuffer(Unknown Source) ~[?:?]
	at sun.nio.ch.IOUtil.read(Unknown Source) ~[?:?]
	at sun.nio.ch.SocketChannelImpl.read(Unknown Source) ~[?:?]
	at io.netty.buffer.PooledHeapByteBuf.setBytes(PooledHeapByteBuf.java:261) ~[netty-buffer-4.1.16.Final.jar:4.1.16.Final]
	at io.netty.buffer.AbstractByteBuf.writeBytes(AbstractByteBuf.java:1106) ~[netty-buffer-4.1.16.Final.jar:4.1.16.Final]
	at io.netty.channel.socket.nio.NioSocketChannel.doReadBytes(NioSocketChannel.java:343) ~[netty-transport-4.1.16.Final.jar:4.1.16.Final]
	at io.netty.channel.nio.AbstractNioByteChannel$NioByteUnsafe.read(AbstractNioByteChannel.java:123) [netty-transport-4.1.16.Final.jar:4.1.16.Final]
	at io.netty.channel.nio.NioEventLoop.processSelectedKey(NioEventLoop.java:645) [netty-transport-4.1.16.Final.jar:4.1.16.Final]
	at io.netty.channel.nio.NioEventLoop.processSelectedKeysPlain(NioEventLoop.java:545) [netty-transport-4.1.16.Final.jar:4.1.16.Final]
	at io.netty.channel.nio.NioEventLoop.processSelectedKeys(NioEventLoop.java:499) [netty-transport-4.1.16.Final.jar:4.1.16.Final]
	at io.netty.channel.nio.NioEventLoop.run(NioEventLoop.java:459) [netty-transport-4.1.16.Final.jar:4.1.16.Final]
	at io.netty.util.concurrent.SingleThreadEventExecutor$5.run(SingleThreadEventExecutor.java:858) [netty-common-4.1.16.Final.jar:4.1.16.Final]
	at java.lang.Thread.run(Unknown Source) [?:1.8.0_151]
[2020-06-20T01:41:07,601][INFO ][o.e.c.r.a.DiskThresholdMonitor] [user_cv_node] low disk watermark [85%] exceeded on [_NKr5-i1Qse_Aibt_dZBzw][user_cv_node][C:\Users\bahma\eclipse-workspace\project\elasticsearch\data\nodes\0] free: 57.1gb[12.2%], replicas will not be assigned to this node
[2020-06-20T01:41:08,120][INFO ][o.e.n.Node               ] [user_cv_node] stopping ...
[2020-06-20T01:41:08,158][INFO ][o.e.n.Node               ] [user_cv_node] stopped
[2020-06-20T01:41:08,159][INFO ][o.e.n.Node               ] [user_cv_node] closing ...
[2020-06-20T01:41:08,166][INFO ][o.e.n.Node               ] [user_cv_node] closed
[2020-06-20T20:32:50,586][INFO ][o.e.n.Node               ] [user_cv_node] initializing ...
[2020-06-20T20:32:50,681][INFO ][o.e.e.NodeEnvironment    ] [user_cv_node] using [1] data paths, mounts [[Acer (C:)]], net usable_space [58gb], net total_space [465.1gb], types [NTFS]
[2020-06-20T20:32:50,681][INFO ][o.e.e.NodeEnvironment    ] [user_cv_node] heap size [989.8mb], compressed ordinary object pointers [true]
[2020-06-20T20:32:50,821][INFO ][o.e.n.Node               ] [user_cv_node] node name [user_cv_node], node ID [_NKr5-i1Qse_Aibt_dZBzw]
[2020-06-20T20:32:50,821][INFO ][o.e.n.Node               ] [user_cv_node] version[6.2.2], pid[11008], build[10b1edd/2018-02-16T19:01:30.685723Z], OS[Windows 10/10.0/amd64], JVM[Oracle Corporation/Java HotSpot(TM) 64-Bit Server VM/1.8.0_151/25.151-b12]
[2020-06-20T20:32:50,822][INFO ][o.e.n.Node               ] [user_cv_node] JVM arguments [-Xms1g, -Xmx1g, -XX:+UseConcMarkSweepGC, -XX:CMSInitiatingOccupancyFraction=75, -XX:+UseCMSInitiatingOccupancyOnly, -XX:+AlwaysPreTouch, -Xss1m, -Djava.awt.headless=true, -Dfile.encoding=UTF-8, -Djna.nosys=true, -XX:-OmitStackTraceInFastThrow, -Dio.netty.noUnsafe=true, -Dio.netty.noKeySetOptimization=true, -Dio.netty.recycler.maxCapacityPerThread=0, -Dlog4j.shutdownHookEnabled=false, -Dlog4j2.disable.jmx=true, -Djava.io.tmpdir=C:\Users\bahma\AppData\Local\Temp\elasticsearch, -XX:+HeapDumpOnOutOfMemoryError, -XX:+PrintGCDetails, -XX:+PrintGCDateStamps, -XX:+PrintTenuringDistribution, -XX:+PrintGCApplicationStoppedTime, -Xloggc:logs/gc.log, -XX:+UseGCLogFileRotation, -XX:NumberOfGCLogFiles=32, -XX:GCLogFileSize=64m, -Delasticsearch, -Des.path.home=C:\Users\bahma\eclipse-workspace\project\elasticsearch, -Des.path.conf=C:\Users\bahma\eclipse-workspace\project\elasticsearch\config]
[2020-06-20T20:32:51,571][INFO ][o.e.p.PluginsService     ] [user_cv_node] loaded module [aggs-matrix-stats]
[2020-06-20T20:32:51,571][INFO ][o.e.p.PluginsService     ] [user_cv_node] loaded module [analysis-common]
[2020-06-20T20:32:51,571][INFO ][o.e.p.PluginsService     ] [user_cv_node] loaded module [ingest-common]
[2020-06-20T20:32:51,571][INFO ][o.e.p.PluginsService     ] [user_cv_node] loaded module [lang-expression]
[2020-06-20T20:32:51,572][INFO ][o.e.p.PluginsService     ] [user_cv_node] loaded module [lang-mustache]
[2020-06-20T20:32:51,572][INFO ][o.e.p.PluginsService     ] [user_cv_node] loaded module [lang-painless]
[2020-06-20T20:32:51,572][INFO ][o.e.p.PluginsService     ] [user_cv_node] loaded module [mapper-extras]
[2020-06-20T20:32:51,572][INFO ][o.e.p.PluginsService     ] [user_cv_node] loaded module [parent-join]
[2020-06-20T20:32:51,572][INFO ][o.e.p.PluginsService     ] [user_cv_node] loaded module [percolator]
[2020-06-20T20:32:51,573][INFO ][o.e.p.PluginsService     ] [user_cv_node] loaded module [rank-eval]
[2020-06-20T20:32:51,573][INFO ][o.e.p.PluginsService     ] [user_cv_node] loaded module [reindex]
[2020-06-20T20:32:51,573][INFO ][o.e.p.PluginsService     ] [user_cv_node] loaded module [repository-url]
[2020-06-20T20:32:51,573][INFO ][o.e.p.PluginsService     ] [user_cv_node] loaded module [transport-netty4]
[2020-06-20T20:32:51,574][INFO ][o.e.p.PluginsService     ] [user_cv_node] loaded module [tribe]
[2020-06-20T20:32:51,574][INFO ][o.e.p.PluginsService     ] [user_cv_node] no plugins loaded
[2020-06-20T20:32:54,900][INFO ][o.e.d.DiscoveryModule    ] [user_cv_node] using discovery type [zen]
[2020-06-20T20:32:55,785][INFO ][o.e.n.Node               ] [user_cv_node] initialized
[2020-06-20T20:32:55,786][INFO ][o.e.n.Node               ] [user_cv_node] starting ...
[2020-06-20T20:32:57,440][INFO ][o.e.t.TransportService   ] [user_cv_node] publish_address {127.0.0.1:9300}, bound_addresses {127.0.0.1:9300}, {[::1]:9300}
[2020-06-20T20:33:00,490][INFO ][o.e.c.s.MasterService    ] [user_cv_node] zen-disco-elected-as-master ([0] nodes joined), reason: new_master {user_cv_node}{_NKr5-i1Qse_Aibt_dZBzw}{YOF4mZ36ThOYkeg9CAF1IA}{127.0.0.1}{127.0.0.1:9300}
[2020-06-20T20:33:00,498][INFO ][o.e.c.s.ClusterApplierService] [user_cv_node] new_master {user_cv_node}{_NKr5-i1Qse_Aibt_dZBzw}{YOF4mZ36ThOYkeg9CAF1IA}{127.0.0.1}{127.0.0.1:9300}, reason: apply cluster state (from master [master {user_cv_node}{_NKr5-i1Qse_Aibt_dZBzw}{YOF4mZ36ThOYkeg9CAF1IA}{127.0.0.1}{127.0.0.1:9300} committed version [1] source [zen-disco-elected-as-master ([0] nodes joined)]])
[2020-06-20T20:33:00,835][INFO ][o.e.g.GatewayService     ] [user_cv_node] recovered [2] indices into cluster_state
[2020-06-20T20:33:01,694][INFO ][o.e.h.n.Netty4HttpServerTransport] [user_cv_node] publish_address {127.0.0.1:9200}, bound_addresses {127.0.0.1:9200}, {[::1]:9200}
[2020-06-20T20:33:01,694][INFO ][o.e.n.Node               ] [user_cv_node] started
[2020-06-20T20:33:05,123][INFO ][o.e.c.r.a.AllocationService] [user_cv_node] Cluster health status changed from [RED] to [YELLOW] (reason: [shards started [[project][0]] ...]).
[2020-06-20T20:33:30,578][INFO ][o.e.c.r.a.DiskThresholdMonitor] [user_cv_node] low disk watermark [85%] exceeded on [_NKr5-i1Qse_Aibt_dZBzw][user_cv_node][C:\Users\bahma\eclipse-workspace\project\elasticsearch\data\nodes\0] free: 58gb[12.4%], replicas will not be assigned to this node
[2020-06-20T20:34:00,654][INFO ][o.e.c.r.a.DiskThresholdMonitor] [user_cv_node] low disk watermark [85%] exceeded on [_NKr5-i1Qse_Aibt_dZBzw][user_cv_node][C:\Users\bahma\eclipse-workspace\project\elasticsearch\data\nodes\0] free: 56.1gb[12%], replicas will not be assigned to this node
[2020-06-20T20:34:30,118][WARN ][o.e.h.n.Netty4HttpServerTransport] [user_cv_node] caught exception while handling client http traffic, closing connection [id: 0xf7a6f440, L:/127.0.0.1:9200 - R:/127.0.0.1:60565]
java.io.IOException: Une connexion existante a dû être fermée par l’hôte distant
	at sun.nio.ch.SocketDispatcher.read0(Native Method) ~[?:?]
	at sun.nio.ch.SocketDispatcher.read(Unknown Source) ~[?:?]
	at sun.nio.ch.IOUtil.readIntoNativeBuffer(Unknown Source) ~[?:?]
	at sun.nio.ch.IOUtil.read(Unknown Source) ~[?:?]
	at sun.nio.ch.SocketChannelImpl.read(Unknown Source) ~[?:?]
	at io.netty.buffer.PooledHeapByteBuf.setBytes(PooledHeapByteBuf.java:261) ~[netty-buffer-4.1.16.Final.jar:4.1.16.Final]
	at io.netty.buffer.AbstractByteBuf.writeBytes(AbstractByteBuf.java:1106) ~[netty-buffer-4.1.16.Final.jar:4.1.16.Final]
	at io.netty.channel.socket.nio.NioSocketChannel.doReadBytes(NioSocketChannel.java:343) ~[netty-transport-4.1.16.Final.jar:4.1.16.Final]
	at io.netty.channel.nio.AbstractNioByteChannel$NioByteUnsafe.read(AbstractNioByteChannel.java:123) [netty-transport-4.1.16.Final.jar:4.1.16.Final]
	at io.netty.channel.nio.NioEventLoop.processSelectedKey(NioEventLoop.java:645) [netty-transport-4.1.16.Final.jar:4.1.16.Final]
	at io.netty.channel.nio.NioEventLoop.processSelectedKeysPlain(NioEventLoop.java:545) [netty-transport-4.1.16.Final.jar:4.1.16.Final]
	at io.netty.channel.nio.NioEventLoop.processSelectedKeys(NioEventLoop.java:499) [netty-transport-4.1.16.Final.jar:4.1.16.Final]
	at io.netty.channel.nio.NioEventLoop.run(NioEventLoop.java:459) [netty-transport-4.1.16.Final.jar:4.1.16.Final]
	at io.netty.util.concurrent.SingleThreadEventExecutor$5.run(SingleThreadEventExecutor.java:858) [netty-common-4.1.16.Final.jar:4.1.16.Final]
	at java.lang.Thread.run(Unknown Source) [?:1.8.0_151]
[2020-06-20T20:34:30,710][INFO ][o.e.c.r.a.DiskThresholdMonitor] [user_cv_node] low disk watermark [85%] exceeded on [_NKr5-i1Qse_Aibt_dZBzw][user_cv_node][C:\Users\bahma\eclipse-workspace\project\elasticsearch\data\nodes\0] free: 56.1gb[12%], replicas will not be assigned to this node
[2020-06-20T20:35:00,772][INFO ][o.e.c.r.a.DiskThresholdMonitor] [user_cv_node] low disk watermark [85%] exceeded on [_NKr5-i1Qse_Aibt_dZBzw][user_cv_node][C:\Users\bahma\eclipse-workspace\project\elasticsearch\data\nodes\0] free: 56.1gb[12%], replicas will not be assigned to this node
[2020-06-20T20:35:30,831][INFO ][o.e.c.r.a.DiskThresholdMonitor] [user_cv_node] low disk watermark [85%] exceeded on [_NKr5-i1Qse_Aibt_dZBzw][user_cv_node][C:\Users\bahma\eclipse-workspace\project\elasticsearch\data\nodes\0] free: 56.1gb[12%], replicas will not be assigned to this node
[2020-06-20T20:36:00,886][INFO ][o.e.c.r.a.DiskThresholdMonitor] [user_cv_node] low disk watermark [85%] exceeded on [_NKr5-i1Qse_Aibt_dZBzw][user_cv_node][C:\Users\bahma\eclipse-workspace\project\elasticsearch\data\nodes\0] free: 56.1gb[12%], replicas will not be assigned to this node
[2020-06-20T20:36:30,941][INFO ][o.e.c.r.a.DiskThresholdMonitor] [user_cv_node] low disk watermark [85%] exceeded on [_NKr5-i1Qse_Aibt_dZBzw][user_cv_node][C:\Users\bahma\eclipse-workspace\project\elasticsearch\data\nodes\0] free: 56.1gb[12%], replicas will not be assigned to this node
[2020-06-20T20:37:00,999][INFO ][o.e.c.r.a.DiskThresholdMonitor] [user_cv_node] low disk watermark [85%] exceeded on [_NKr5-i1Qse_Aibt_dZBzw][user_cv_node][C:\Users\bahma\eclipse-workspace\project\elasticsearch\data\nodes\0] free: 56.1gb[12%], replicas will not be assigned to this node
[2020-06-20T20:37:31,064][INFO ][o.e.c.r.a.DiskThresholdMonitor] [user_cv_node] low disk watermark [85%] exceeded on [_NKr5-i1Qse_Aibt_dZBzw][user_cv_node][C:\Users\bahma\eclipse-workspace\project\elasticsearch\data\nodes\0] free: 56.1gb[12%], replicas will not be assigned to this node
[2020-06-20T20:38:01,121][INFO ][o.e.c.r.a.DiskThresholdMonitor] [user_cv_node] low disk watermark [85%] exceeded on [_NKr5-i1Qse_Aibt_dZBzw][user_cv_node][C:\Users\bahma\eclipse-workspace\project\elasticsearch\data\nodes\0] free: 54.6gb[11.7%], replicas will not be assigned to this node
[2020-06-20T20:38:31,177][INFO ][o.e.c.r.a.DiskThresholdMonitor] [user_cv_node] low disk watermark [85%] exceeded on [_NKr5-i1Qse_Aibt_dZBzw][user_cv_node][C:\Users\bahma\eclipse-workspace\project\elasticsearch\data\nodes\0] free: 56.1gb[12%], replicas will not be assigned to this node
[2020-06-20T20:39:01,235][INFO ][o.e.c.r.a.DiskThresholdMonitor] [user_cv_node] low disk watermark [85%] exceeded on [_NKr5-i1Qse_Aibt_dZBzw][user_cv_node][C:\Users\bahma\eclipse-workspace\project\elasticsearch\data\nodes\0] free: 56.1gb[12%], replicas will not be assigned to this node
[2020-06-20T20:39:31,263][INFO ][o.e.c.r.a.DiskThresholdMonitor] [user_cv_node] low disk watermark [85%] exceeded on [_NKr5-i1Qse_Aibt_dZBzw][user_cv_node][C:\Users\bahma\eclipse-workspace\project\elasticsearch\data\nodes\0] free: 56.1gb[12%], replicas will not be assigned to this node
[2020-06-20T20:40:01,309][INFO ][o.e.c.r.a.DiskThresholdMonitor] [user_cv_node] low disk watermark [85%] exceeded on [_NKr5-i1Qse_Aibt_dZBzw][user_cv_node][C:\Users\bahma\eclipse-workspace\project\elasticsearch\data\nodes\0] free: 56.1gb[12%], replicas will not be assigned to this node
[2020-06-20T20:40:31,353][INFO ][o.e.c.r.a.DiskThresholdMonitor] [user_cv_node] low disk watermark [85%] exceeded on [_NKr5-i1Qse_Aibt_dZBzw][user_cv_node][C:\Users\bahma\eclipse-workspace\project\elasticsearch\data\nodes\0] free: 56.1gb[12%], replicas will not be assigned to this node
[2020-06-20T20:41:01,402][INFO ][o.e.c.r.a.DiskThresholdMonitor] [user_cv_node] low disk watermark [85%] exceeded on [_NKr5-i1Qse_Aibt_dZBzw][user_cv_node][C:\Users\bahma\eclipse-workspace\project\elasticsearch\data\nodes\0] free: 56.1gb[12%], replicas will not be assigned to this node
[2020-06-20T20:41:31,448][INFO ][o.e.c.r.a.DiskThresholdMonitor] [user_cv_node] low disk watermark [85%] exceeded on [_NKr5-i1Qse_Aibt_dZBzw][user_cv_node][C:\Users\bahma\eclipse-workspace\project\elasticsearch\data\nodes\0] free: 56.1gb[12%], replicas will not be assigned to this node
[2020-06-20T20:42:01,491][INFO ][o.e.c.r.a.DiskThresholdMonitor] [user_cv_node] low disk watermark [85%] exceeded on [_NKr5-i1Qse_Aibt_dZBzw][user_cv_node][C:\Users\bahma\eclipse-workspace\project\elasticsearch\data\nodes\0] free: 56.1gb[12%], replicas will not be assigned to this node
[2020-06-20T20:42:11,910][WARN ][o.e.h.n.Netty4HttpServerTransport] [user_cv_node] caught exception while handling client http traffic, closing connection [id: 0xbb6fd981, L:/127.0.0.1:9200 - R:/127.0.0.1:60714]
java.io.IOException: Une connexion existante a dû être fermée par l’hôte distant
	at sun.nio.ch.SocketDispatcher.read0(Native Method) ~[?:?]
	at sun.nio.ch.SocketDispatcher.read(Unknown Source) ~[?:?]
	at sun.nio.ch.IOUtil.readIntoNativeBuffer(Unknown Source) ~[?:?]
	at sun.nio.ch.IOUtil.read(Unknown Source) ~[?:?]
	at sun.nio.ch.SocketChannelImpl.read(Unknown Source) ~[?:?]
	at io.netty.buffer.PooledHeapByteBuf.setBytes(PooledHeapByteBuf.java:261) ~[netty-buffer-4.1.16.Final.jar:4.1.16.Final]
	at io.netty.buffer.AbstractByteBuf.writeBytes(AbstractByteBuf.java:1106) ~[netty-buffer-4.1.16.Final.jar:4.1.16.Final]
	at io.netty.channel.socket.nio.NioSocketChannel.doReadBytes(NioSocketChannel.java:343) ~[netty-transport-4.1.16.Final.jar:4.1.16.Final]
	at io.netty.channel.nio.AbstractNioByteChannel$NioByteUnsafe.read(AbstractNioByteChannel.java:123) [netty-transport-4.1.16.Final.jar:4.1.16.Final]
	at io.netty.channel.nio.NioEventLoop.processSelectedKey(NioEventLoop.java:645) [netty-transport-4.1.16.Final.jar:4.1.16.Final]
	at io.netty.channel.nio.NioEventLoop.processSelectedKeysPlain(NioEventLoop.java:545) [netty-transport-4.1.16.Final.jar:4.1.16.Final]
	at io.netty.channel.nio.NioEventLoop.processSelectedKeys(NioEventLoop.java:499) [netty-transport-4.1.16.Final.jar:4.1.16.Final]
	at io.netty.channel.nio.NioEventLoop.run(NioEventLoop.java:459) [netty-transport-4.1.16.Final.jar:4.1.16.Final]
	at io.netty.util.concurrent.SingleThreadEventExecutor$5.run(SingleThreadEventExecutor.java:858) [netty-common-4.1.16.Final.jar:4.1.16.Final]
	at java.lang.Thread.run(Unknown Source) [?:1.8.0_151]
[2020-06-20T20:42:31,534][INFO ][o.e.c.r.a.DiskThresholdMonitor] [user_cv_node] low disk watermark [85%] exceeded on [_NKr5-i1Qse_Aibt_dZBzw][user_cv_node][C:\Users\bahma\eclipse-workspace\project\elasticsearch\data\nodes\0] free: 56.1gb[12%], replicas will not be assigned to this node
[2020-06-20T20:43:01,579][INFO ][o.e.c.r.a.DiskThresholdMonitor] [user_cv_node] low disk watermark [85%] exceeded on [_NKr5-i1Qse_Aibt_dZBzw][user_cv_node][C:\Users\bahma\eclipse-workspace\project\elasticsearch\data\nodes\0] free: 56.1gb[12%], replicas will not be assigned to this node
[2020-06-20T20:43:09,911][INFO ][o.e.n.Node               ] [user_cv_node] stopping ...
[2020-06-20T20:43:09,943][INFO ][o.e.n.Node               ] [user_cv_node] stopped
[2020-06-20T20:43:09,943][INFO ][o.e.n.Node               ] [user_cv_node] closing ...
[2020-06-20T20:43:09,951][INFO ][o.e.n.Node               ] [user_cv_node] closed
